{
  error: D:\FYP\OneTouch-FYP\user\core\authorized\controllers\usercontroller.js:38
          logger.info("Here")l
                             ^
  
  SyntaxError: Unexpected identifier
      at wrapSafe (node:internal/modules/cjs/loader:1024:16)
      at Module._compile (node:internal/modules/cjs/loader:1072:27)
      at Object.Module._extensions..js (node:internal/modules/cjs/loader:1137:10)
      at Module.load (node:internal/modules/cjs/loader:973:32)
      at Function.Module._load (node:internal/modules/cjs/loader:813:14)
      at Module.require (node:internal/modules/cjs/loader:997:19)
      at require (node:internal/modules/cjs/helpers:92:18)
      at Object.<anonymous> (D:\FYP\OneTouch-FYP\user\core\authorized\routes.js:3:34)
      at Module._compile (node:internal/modules/cjs/loader:1108:14)
      at Object.Module._extensions..js (node:internal/modules/cjs/loader:1137:10)
      at Module.load (node:internal/modules/cjs/loader:973:32)
      at Function.Module._load (node:internal/modules/cjs/loader:813:14)
      at Module.require (node:internal/modules/cjs/loader:997:19)
      at require (node:internal/modules/cjs/helpers:92:18)
      at Object.<anonymous> (D:\FYP\OneTouch-FYP\user\startup\routes.js:4:20)
      at Module._compile (node:internal/modules/cjs/loader:1108:14)
      at Object.Module._extensions..js (node:internal/modules/cjs/loader:1137:10)
      at Module.load (node:internal/modules/cjs/loader:973:32)
      at Function.Module._load (node:internal/modules/cjs/loader:813:14)
      at Module.require (node:internal/modules/cjs/loader:997:19)
      at require (node:internal/modules/cjs/helpers:92:18)
      at Object.<anonymous> (D:\FYP\OneTouch-FYP\user\app.js:10:16)
      at Module._compile (node:internal/modules/cjs/loader:1108:14)
      at Object.Module._extensions..js (node:internal/modules/cjs/loader:1137:10)
      at Module.load (node:internal/modules/cjs/loader:973:32)
      at Function.Module._load (node:internal/modules/cjs/loader:813:14)
      at Function.executeUserEntryPoint [as runMain] (node:internal/modules/run_main:76:12)
      at node:internal/main/run_main_module:17:47,
  level: 'error',
  message: 'uncaughtException: Unexpected identifier\n' +
    'D:\\FYP\\OneTouch-FYP\\user\\core\\authorized\\controllers\\usercontroller.js:38\n' +
    '        logger.info("Here")l\n' +
    '                           ^\n' +
    '\n' +
    'SyntaxError: Unexpected identifier\n' +
    '    at wrapSafe (node:internal/modules/cjs/loader:1024:16)\n' +
    '    at Module._compile (node:internal/modules/cjs/loader:1072:27)\n' +
    '    at Object.Module._extensions..js (node:internal/modules/cjs/loader:1137:10)\n' +
    '    at Module.load (node:internal/modules/cjs/loader:973:32)\n' +
    '    at Function.Module._load (node:internal/modules/cjs/loader:813:14)\n' +
    '    at Module.require (node:internal/modules/cjs/loader:997:19)\n' +
    '    at require (node:internal/modules/cjs/helpers:92:18)\n' +
    '    at Object.<anonymous> (D:\\FYP\\OneTouch-FYP\\user\\core\\authorized\\routes.js:3:34)\n' +
    '    at Module._compile (node:internal/modules/cjs/loader:1108:14)\n' +
    '    at Object.Module._extensions..js (node:internal/modules/cjs/loader:1137:10)\n' +
    '    at Module.load (node:internal/modules/cjs/loader:973:32)\n' +
    '    at Function.Module._load (node:internal/modules/cjs/loader:813:14)\n' +
    '    at Module.require (node:internal/modules/cjs/loader:997:19)\n' +
    '    at require (node:internal/modules/cjs/helpers:92:18)\n' +
    '    at Object.<anonymous> (D:\\FYP\\OneTouch-FYP\\user\\startup\\routes.js:4:20)\n' +
    '    at Module._compile (node:internal/modules/cjs/loader:1108:14)\n' +
    '    at Object.Module._extensions..js (node:internal/modules/cjs/loader:1137:10)\n' +
    '    at Module.load (node:internal/modules/cjs/loader:973:32)\n' +
    '    at Function.Module._load (node:internal/modules/cjs/loader:813:14)\n' +
    '    at Module.require (node:internal/modules/cjs/loader:997:19)\n' +
    '    at require (node:internal/modules/cjs/helpers:92:18)\n' +
    '    at Object.<anonymous> (D:\\FYP\\OneTouch-FYP\\user\\app.js:10:16)\n' +
    '    at Module._compile (node:internal/modules/cjs/loader:1108:14)\n' +
    '    at Object.Module._extensions..js (node:internal/modules/cjs/loader:1137:10)\n' +
    '    at Module.load (node:internal/modules/cjs/loader:973:32)\n' +
    '    at Function.Module._load (node:internal/modules/cjs/loader:813:14)\n' +
    '    at Function.executeUserEntryPoint [as runMain] (node:internal/modules/run_main:76:12)\n' +
    '    at node:internal/main/run_main_module:17:47',
  stack: 'D:\\FYP\\OneTouch-FYP\\user\\core\\authorized\\controllers\\usercontroller.js:38\n' +
    '        logger.info("Here")l\n' +
    '                           ^\n' +
    '\n' +
    'SyntaxError: Unexpected identifier\n' +
    '    at wrapSafe (node:internal/modules/cjs/loader:1024:16)\n' +
    '    at Module._compile (node:internal/modules/cjs/loader:1072:27)\n' +
    '    at Object.Module._extensions..js (node:internal/modules/cjs/loader:1137:10)\n' +
    '    at Module.load (node:internal/modules/cjs/loader:973:32)\n' +
    '    at Function.Module._load (node:internal/modules/cjs/loader:813:14)\n' +
    '    at Module.require (node:internal/modules/cjs/loader:997:19)\n' +
    '    at require (node:internal/modules/cjs/helpers:92:18)\n' +
    '    at Object.<anonymous> (D:\\FYP\\OneTouch-FYP\\user\\core\\authorized\\routes.js:3:34)\n' +
    '    at Module._compile (node:internal/modules/cjs/loader:1108:14)\n' +
    '    at Object.Module._extensions..js (node:internal/modules/cjs/loader:1137:10)\n' +
    '    at Module.load (node:internal/modules/cjs/loader:973:32)\n' +
    '    at Function.Module._load (node:internal/modules/cjs/loader:813:14)\n' +
    '    at Module.require (node:internal/modules/cjs/loader:997:19)\n' +
    '    at require (node:internal/modules/cjs/helpers:92:18)\n' +
    '    at Object.<anonymous> (D:\\FYP\\OneTouch-FYP\\user\\startup\\routes.js:4:20)\n' +
    '    at Module._compile (node:internal/modules/cjs/loader:1108:14)\n' +
    '    at Object.Module._extensions..js (node:internal/modules/cjs/loader:1137:10)\n' +
    '    at Module.load (node:internal/modules/cjs/loader:973:32)\n' +
    '    at Function.Module._load (node:internal/modules/cjs/loader:813:14)\n' +
    '    at Module.require (node:internal/modules/cjs/loader:997:19)\n' +
    '    at require (node:internal/modules/cjs/helpers:92:18)\n' +
    '    at Object.<anonymous> (D:\\FYP\\OneTouch-FYP\\user\\app.js:10:16)\n' +
    '    at Module._compile (node:internal/modules/cjs/loader:1108:14)\n' +
    '    at Object.Module._extensions..js (node:internal/modules/cjs/loader:1137:10)\n' +
    '    at Module.load (node:internal/modules/cjs/loader:973:32)\n' +
    '    at Function.Module._load (node:internal/modules/cjs/loader:813:14)\n' +
    '    at Function.executeUserEntryPoint [as runMain] (node:internal/modules/run_main:76:12)\n' +
    '    at node:internal/main/run_main_module:17:47',
  exception: true,
  date: 'Fri Mar 05 2021 03:33:09 GMT+0500 (Pakistan Standard Time)',
  process: {
    pid: 26328,
    uid: null,
    gid: null,
    cwd: 'D:\\FYP\\OneTouch-FYP\\user',
    execPath: 'C:\\Program Files\\nodejs\\node.exe',
    version: 'v15.5.1',
    argv: [
      'C:\\Program Files\\nodejs\\node.exe',
      'D:\\FYP\\OneTouch-FYP\\user\\app.js'
    ],
    memoryUsage: {
      rss: 131559424,
      heapTotal: 95780864,
      heapUsed: 75545776,
      external: 21366663,
      arrayBuffers: 20154225
    }
  },
  os: { loadavg: [ 0, 0, 0 ], uptime: 367393 },
  trace: [
    {
      column: 16,
      file: 'node:internal/modules/cjs/loader',
      function: 'wrapSafe',
      line: 1024,
      method: null,
      native: false
    },
    {
      column: 27,
      file: 'node:internal/modules/cjs/loader',
      function: 'Module._compile',
      line: 1072,
      method: '_compile',
      native: false
    },
    {
      column: 10,
      file: 'node:internal/modules/cjs/loader',
      function: 'Module._extensions..js',
      line: 1137,
      method: '.js',
      native: false
    },
    {
      column: 32,
      file: 'node:internal/modules/cjs/loader',
      function: 'Module.load',
      line: 973,
      method: 'load',
      native: false
    },
    {
      column: 14,
      file: 'node:internal/modules/cjs/loader',
      function: 'Module._load',
      line: 813,
      method: '_load',
      native: false
    },
    {
      column: 19,
      file: 'node:internal/modules/cjs/loader',
      function: 'Module.require',
      line: 997,
      method: 'require',
      native: false
    },
    {
      column: 18,
      file: 'node:internal/modules/cjs/helpers',
      function: 'require',
      line: 92,
      method: null,
      native: false
    },
    {
      column: 34,
      file: 'D:\\FYP\\OneTouch-FYP\\user\\core\\authorized\\routes.js',
      function: null,
      line: 3,
      method: null,
      native: false
    },
    {
      column: 14,
      file: 'node:internal/modules/cjs/loader',
      function: 'Module._compile',
      line: 1108,
      method: '_compile',
      native: false
    },
    {
      column: 10,
      file: 'node:internal/modules/cjs/loader',
      function: 'Module._extensions..js',
      line: 1137,
      method: '.js',
      native: false
    },
    {
      column: 32,
      file: 'node:internal/modules/cjs/loader',
      function: 'Module.load',
      line: 973,
      method: 'load',
      native: false
    },
    {
      column: 14,
      file: 'node:internal/modules/cjs/loader',
      function: 'Module._load',
      line: 813,
      method: '_load',
      native: false
    },
    {
      column: 19,
      file: 'node:internal/modules/cjs/loader',
      function: 'Module.require',
      line: 997,
      method: 'require',
      native: false
    },
    {
      column: 18,
      file: 'node:internal/modules/cjs/helpers',
      function: 'require',
      line: 92,
      method: null,
      native: false
    },
    {
      column: 20,
      file: 'D:\\FYP\\OneTouch-FYP\\user\\startup\\routes.js',
      function: null,
      line: 4,
      method: null,
      native: false
    },
    {
      column: 14,
      file: 'node:internal/modules/cjs/loader',
      function: 'Module._compile',
      line: 1108,
      method: '_compile',
      native: false
    },
    {
      column: 10,
      file: 'node:internal/modules/cjs/loader',
      function: 'Module._extensions..js',
      line: 1137,
      method: '.js',
      native: false
    },
    {
      column: 32,
      file: 'node:internal/modules/cjs/loader',
      function: 'Module.load',
      line: 973,
      method: 'load',
      native: false
    },
    {
      column: 14,
      file: 'node:internal/modules/cjs/loader',
      function: 'Module._load',
      line: 813,
      method: '_load',
      native: false
    },
    {
      column: 19,
      file: 'node:internal/modules/cjs/loader',
      function: 'Module.require',
      line: 997,
      method: 'require',
      native: false
    },
    {
      column: 18,
      file: 'node:internal/modules/cjs/helpers',
      function: 'require',
      line: 92,
      method: null,
      native: false
    },
    {
      column: 16,
      file: 'D:\\FYP\\OneTouch-FYP\\user\\app.js',
      function: null,
      line: 10,
      method: null,
      native: false
    },
    {
      column: 14,
      file: 'node:internal/modules/cjs/loader',
      function: 'Module._compile',
      line: 1108,
      method: '_compile',
      native: false
    },
    {
      column: 10,
      file: 'node:internal/modules/cjs/loader',
      function: 'Module._extensions..js',
      line: 1137,
      method: '.js',
      native: false
    },
    {
      column: 32,
      file: 'node:internal/modules/cjs/loader',
      function: 'Module.load',
      line: 973,
      method: 'load',
      native: false
    },
    {
      column: 14,
      file: 'node:internal/modules/cjs/loader',
      function: 'Module._load',
      line: 813,
      method: '_load',
      native: false
    },
    {
      column: 12,
      file: 'node:internal/modules/run_main',
      function: 'Function.executeUserEntryPoint [as runMain]',
      line: 76,
      method: 'executeUserEntryPoint [as runMain]',
      native: false
    },
    {
      column: 47,
      file: 'node:internal/main/run_main_module',
      function: null,
      line: 17,
      method: null,
      native: false
    }
  ],
  timestamp: '2021-03-04T22:33:09.033Z'
}
{
  error: D:\FYP\OneTouch-FYP\user\core\authorized\controllers\usercontroller.js:38
          logger.info("Here")l
                             ^
  
  SyntaxError: Unexpected identifier
      at wrapSafe (node:internal/modules/cjs/loader:1024:16)
      at Module._compile (node:internal/modules/cjs/loader:1072:27)
      at Object.Module._extensions..js (node:internal/modules/cjs/loader:1137:10)
      at Module.load (node:internal/modules/cjs/loader:973:32)
      at Function.Module._load (node:internal/modules/cjs/loader:813:14)
      at Module.require (node:internal/modules/cjs/loader:997:19)
      at require (node:internal/modules/cjs/helpers:92:18)
      at Object.<anonymous> (D:\FYP\OneTouch-FYP\user\core\authorized\routes.js:3:34)
      at Module._compile (node:internal/modules/cjs/loader:1108:14)
      at Object.Module._extensions..js (node:internal/modules/cjs/loader:1137:10)
      at Module.load (node:internal/modules/cjs/loader:973:32)
      at Function.Module._load (node:internal/modules/cjs/loader:813:14)
      at Module.require (node:internal/modules/cjs/loader:997:19)
      at require (node:internal/modules/cjs/helpers:92:18)
      at Object.<anonymous> (D:\FYP\OneTouch-FYP\user\startup\routes.js:4:20)
      at Module._compile (node:internal/modules/cjs/loader:1108:14)
      at Object.Module._extensions..js (node:internal/modules/cjs/loader:1137:10)
      at Module.load (node:internal/modules/cjs/loader:973:32)
      at Function.Module._load (node:internal/modules/cjs/loader:813:14)
      at Module.require (node:internal/modules/cjs/loader:997:19)
      at require (node:internal/modules/cjs/helpers:92:18)
      at Object.<anonymous> (D:\FYP\OneTouch-FYP\user\app.js:10:16)
      at Module._compile (node:internal/modules/cjs/loader:1108:14)
      at Object.Module._extensions..js (node:internal/modules/cjs/loader:1137:10)
      at Module.load (node:internal/modules/cjs/loader:973:32)
      at Function.Module._load (node:internal/modules/cjs/loader:813:14)
      at Function.executeUserEntryPoint [as runMain] (node:internal/modules/run_main:76:12)
      at node:internal/main/run_main_module:17:47,
  level: 'error',
  message: 'uncaughtException: Unexpected identifier\n' +
    'D:\\FYP\\OneTouch-FYP\\user\\core\\authorized\\controllers\\usercontroller.js:38\n' +
    '        logger.info("Here")l\n' +
    '                           ^\n' +
    '\n' +
    'SyntaxError: Unexpected identifier\n' +
    '    at wrapSafe (node:internal/modules/cjs/loader:1024:16)\n' +
    '    at Module._compile (node:internal/modules/cjs/loader:1072:27)\n' +
    '    at Object.Module._extensions..js (node:internal/modules/cjs/loader:1137:10)\n' +
    '    at Module.load (node:internal/modules/cjs/loader:973:32)\n' +
    '    at Function.Module._load (node:internal/modules/cjs/loader:813:14)\n' +
    '    at Module.require (node:internal/modules/cjs/loader:997:19)\n' +
    '    at require (node:internal/modules/cjs/helpers:92:18)\n' +
    '    at Object.<anonymous> (D:\\FYP\\OneTouch-FYP\\user\\core\\authorized\\routes.js:3:34)\n' +
    '    at Module._compile (node:internal/modules/cjs/loader:1108:14)\n' +
    '    at Object.Module._extensions..js (node:internal/modules/cjs/loader:1137:10)\n' +
    '    at Module.load (node:internal/modules/cjs/loader:973:32)\n' +
    '    at Function.Module._load (node:internal/modules/cjs/loader:813:14)\n' +
    '    at Module.require (node:internal/modules/cjs/loader:997:19)\n' +
    '    at require (node:internal/modules/cjs/helpers:92:18)\n' +
    '    at Object.<anonymous> (D:\\FYP\\OneTouch-FYP\\user\\startup\\routes.js:4:20)\n' +
    '    at Module._compile (node:internal/modules/cjs/loader:1108:14)\n' +
    '    at Object.Module._extensions..js (node:internal/modules/cjs/loader:1137:10)\n' +
    '    at Module.load (node:internal/modules/cjs/loader:973:32)\n' +
    '    at Function.Module._load (node:internal/modules/cjs/loader:813:14)\n' +
    '    at Module.require (node:internal/modules/cjs/loader:997:19)\n' +
    '    at require (node:internal/modules/cjs/helpers:92:18)\n' +
    '    at Object.<anonymous> (D:\\FYP\\OneTouch-FYP\\user\\app.js:10:16)\n' +
    '    at Module._compile (node:internal/modules/cjs/loader:1108:14)\n' +
    '    at Object.Module._extensions..js (node:internal/modules/cjs/loader:1137:10)\n' +
    '    at Module.load (node:internal/modules/cjs/loader:973:32)\n' +
    '    at Function.Module._load (node:internal/modules/cjs/loader:813:14)\n' +
    '    at Function.executeUserEntryPoint [as runMain] (node:internal/modules/run_main:76:12)\n' +
    '    at node:internal/main/run_main_module:17:47',
  stack: 'D:\\FYP\\OneTouch-FYP\\user\\core\\authorized\\controllers\\usercontroller.js:38\n' +
    '        logger.info("Here")l\n' +
    '                           ^\n' +
    '\n' +
    'SyntaxError: Unexpected identifier\n' +
    '    at wrapSafe (node:internal/modules/cjs/loader:1024:16)\n' +
    '    at Module._compile (node:internal/modules/cjs/loader:1072:27)\n' +
    '    at Object.Module._extensions..js (node:internal/modules/cjs/loader:1137:10)\n' +
    '    at Module.load (node:internal/modules/cjs/loader:973:32)\n' +
    '    at Function.Module._load (node:internal/modules/cjs/loader:813:14)\n' +
    '    at Module.require (node:internal/modules/cjs/loader:997:19)\n' +
    '    at require (node:internal/modules/cjs/helpers:92:18)\n' +
    '    at Object.<anonymous> (D:\\FYP\\OneTouch-FYP\\user\\core\\authorized\\routes.js:3:34)\n' +
    '    at Module._compile (node:internal/modules/cjs/loader:1108:14)\n' +
    '    at Object.Module._extensions..js (node:internal/modules/cjs/loader:1137:10)\n' +
    '    at Module.load (node:internal/modules/cjs/loader:973:32)\n' +
    '    at Function.Module._load (node:internal/modules/cjs/loader:813:14)\n' +
    '    at Module.require (node:internal/modules/cjs/loader:997:19)\n' +
    '    at require (node:internal/modules/cjs/helpers:92:18)\n' +
    '    at Object.<anonymous> (D:\\FYP\\OneTouch-FYP\\user\\startup\\routes.js:4:20)\n' +
    '    at Module._compile (node:internal/modules/cjs/loader:1108:14)\n' +
    '    at Object.Module._extensions..js (node:internal/modules/cjs/loader:1137:10)\n' +
    '    at Module.load (node:internal/modules/cjs/loader:973:32)\n' +
    '    at Function.Module._load (node:internal/modules/cjs/loader:813:14)\n' +
    '    at Module.require (node:internal/modules/cjs/loader:997:19)\n' +
    '    at require (node:internal/modules/cjs/helpers:92:18)\n' +
    '    at Object.<anonymous> (D:\\FYP\\OneTouch-FYP\\user\\app.js:10:16)\n' +
    '    at Module._compile (node:internal/modules/cjs/loader:1108:14)\n' +
    '    at Object.Module._extensions..js (node:internal/modules/cjs/loader:1137:10)\n' +
    '    at Module.load (node:internal/modules/cjs/loader:973:32)\n' +
    '    at Function.Module._load (node:internal/modules/cjs/loader:813:14)\n' +
    '    at Function.executeUserEntryPoint [as runMain] (node:internal/modules/run_main:76:12)\n' +
    '    at node:internal/main/run_main_module:17:47',
  exception: true,
  date: 'Fri Mar 05 2021 03:33:39 GMT+0500 (Pakistan Standard Time)',
  process: {
    pid: 13752,
    uid: null,
    gid: null,
    cwd: 'D:\\FYP\\OneTouch-FYP\\user',
    execPath: 'C:\\Program Files\\nodejs\\node.exe',
    version: 'v15.5.1',
    argv: [
      'C:\\Program Files\\nodejs\\node.exe',
      'D:\\FYP\\OneTouch-FYP\\user\\app.js'
    ],
    memoryUsage: {
      rss: 130666496,
      heapTotal: 96567296,
      heapUsed: 70024608,
      external: 19648394,
      arrayBuffers: 18435956
    }
  },
  os: { loadavg: [ 0, 0, 0 ], uptime: 367424 },
  trace: [
    {
      column: 16,
      file: 'node:internal/modules/cjs/loader',
      function: 'wrapSafe',
      line: 1024,
      method: null,
      native: false
    },
    {
      column: 27,
      file: 'node:internal/modules/cjs/loader',
      function: 'Module._compile',
      line: 1072,
      method: '_compile',
      native: false
    },
    {
      column: 10,
      file: 'node:internal/modules/cjs/loader',
      function: 'Module._extensions..js',
      line: 1137,
      method: '.js',
      native: false
    },
    {
      column: 32,
      file: 'node:internal/modules/cjs/loader',
      function: 'Module.load',
      line: 973,
      method: 'load',
      native: false
    },
    {
      column: 14,
      file: 'node:internal/modules/cjs/loader',
      function: 'Module._load',
      line: 813,
      method: '_load',
      native: false
    },
    {
      column: 19,
      file: 'node:internal/modules/cjs/loader',
      function: 'Module.require',
      line: 997,
      method: 'require',
      native: false
    },
    {
      column: 18,
      file: 'node:internal/modules/cjs/helpers',
      function: 'require',
      line: 92,
      method: null,
      native: false
    },
    {
      column: 34,
      file: 'D:\\FYP\\OneTouch-FYP\\user\\core\\authorized\\routes.js',
      function: null,
      line: 3,
      method: null,
      native: false
    },
    {
      column: 14,
      file: 'node:internal/modules/cjs/loader',
      function: 'Module._compile',
      line: 1108,
      method: '_compile',
      native: false
    },
    {
      column: 10,
      file: 'node:internal/modules/cjs/loader',
      function: 'Module._extensions..js',
      line: 1137,
      method: '.js',
      native: false
    },
    {
      column: 32,
      file: 'node:internal/modules/cjs/loader',
      function: 'Module.load',
      line: 973,
      method: 'load',
      native: false
    },
    {
      column: 14,
      file: 'node:internal/modules/cjs/loader',
      function: 'Module._load',
      line: 813,
      method: '_load',
      native: false
    },
    {
      column: 19,
      file: 'node:internal/modules/cjs/loader',
      function: 'Module.require',
      line: 997,
      method: 'require',
      native: false
    },
    {
      column: 18,
      file: 'node:internal/modules/cjs/helpers',
      function: 'require',
      line: 92,
      method: null,
      native: false
    },
    {
      column: 20,
      file: 'D:\\FYP\\OneTouch-FYP\\user\\startup\\routes.js',
      function: null,
      line: 4,
      method: null,
      native: false
    },
    {
      column: 14,
      file: 'node:internal/modules/cjs/loader',
      function: 'Module._compile',
      line: 1108,
      method: '_compile',
      native: false
    },
    {
      column: 10,
      file: 'node:internal/modules/cjs/loader',
      function: 'Module._extensions..js',
      line: 1137,
      method: '.js',
      native: false
    },
    {
      column: 32,
      file: 'node:internal/modules/cjs/loader',
      function: 'Module.load',
      line: 973,
      method: 'load',
      native: false
    },
    {
      column: 14,
      file: 'node:internal/modules/cjs/loader',
      function: 'Module._load',
      line: 813,
      method: '_load',
      native: false
    },
    {
      column: 19,
      file: 'node:internal/modules/cjs/loader',
      function: 'Module.require',
      line: 997,
      method: 'require',
      native: false
    },
    {
      column: 18,
      file: 'node:internal/modules/cjs/helpers',
      function: 'require',
      line: 92,
      method: null,
      native: false
    },
    {
      column: 16,
      file: 'D:\\FYP\\OneTouch-FYP\\user\\app.js',
      function: null,
      line: 10,
      method: null,
      native: false
    },
    {
      column: 14,
      file: 'node:internal/modules/cjs/loader',
      function: 'Module._compile',
      line: 1108,
      method: '_compile',
      native: false
    },
    {
      column: 10,
      file: 'node:internal/modules/cjs/loader',
      function: 'Module._extensions..js',
      line: 1137,
      method: '.js',
      native: false
    },
    {
      column: 32,
      file: 'node:internal/modules/cjs/loader',
      function: 'Module.load',
      line: 973,
      method: 'load',
      native: false
    },
    {
      column: 14,
      file: 'node:internal/modules/cjs/loader',
      function: 'Module._load',
      line: 813,
      method: '_load',
      native: false
    },
    {
      column: 12,
      file: 'node:internal/modules/run_main',
      function: 'Function.executeUserEntryPoint [as runMain]',
      line: 76,
      method: 'executeUserEntryPoint [as runMain]',
      native: false
    },
    {
      column: 47,
      file: 'node:internal/main/run_main_module',
      function: null,
      line: 17,
      method: null,
      native: false
    }
  ],
  timestamp: '2021-03-04T22:33:39.422Z'
}
